<?xml version="1.0" encoding="UTF-8"?>
<testsuite xmlns:xsi="http://www.w3.org/2001/XMLSchema-instance" xsi:noNamespaceSchemaLocation="https://maven.apache.org/surefire/maven-surefire-plugin/xsd/surefire-test-report-3.0.xsd" version="3.0" name="com.monitoradorUnikaSistemas.TestHomePage" time="0.333" tests="1" errors="0" skipped="0" failures="0">
  <properties>
[...]
</properties>
  <testcase name="homepageRendersSuccessfully" classname="com.monitoradorUnikaSistemas.TestHomePage" time="0.315">
    <system-err><![CDATA[[main] INFO org.apache.wicket.Application - [WicketTesterApplication-29abd754-968a-4140-8ca6-4f0529d66cf5] init: Wicket core library initializer
]]></system-err>
  </testcase>
</testsuite>